<?xml version="1.0" encoding="utf-8"?><testsuites name="pytest tests"><testsuite name="pytest" errors="0" failures="0" skipped="0" tests="13" time="3.333" timestamp="2026-02-25T18:04:10.799662+00:00" hostname="agent-env-50565868-3773-44c0-b50d-e5854b582bfc"><testcase classname="backend.tests.test_admin_dashboard.TestAdminAuth" name="test_admin_login_success" time="0.300" /><testcase classname="backend.tests.test_admin_dashboard.TestAdminAuth" name="test_admin_login_failure" time="0.164" /><testcase classname="backend.tests.test_admin_dashboard.TestBlogPostsAPI" name="test_get_admin_blog_posts" time="0.188" /><testcase classname="backend.tests.test_admin_dashboard.TestBlogPostsAPI" name="test_get_public_blog_posts" time="0.270" /><testcase classname="backend.tests.test_admin_dashboard.TestGrowthTrackingAPI" name="test_record_growth_snapshot" time="0.217" /><testcase classname="backend.tests.test_admin_dashboard.TestGrowthTrackingAPI" name="test_get_growth_history" time="0.179" /><testcase classname="backend.tests.test_admin_dashboard.TestGrowthTrackingAPI" name="test_get_growth_analysis" time="0.240" /><testcase classname="backend.tests.test_admin_dashboard.TestAutomationStatusAPI" name="test_get_automation_status" time="0.261" /><testcase classname="backend.tests.test_admin_dashboard.TestAutomationStatusAPI" name="test_regenerate_sitemap" time="0.467" /><testcase classname="backend.tests.test_admin_dashboard.TestAnalyticsAPI" name="test_get_analytics" time="0.200" /><testcase classname="backend.tests.test_admin_dashboard.TestCMSPagesAPI" name="test_get_cms_pages" time="0.302" /><testcase classname="backend.tests.test_admin_dashboard.TestSEOTopicsAPI" name="test_get_seo_suggestions" time="0.177" /><testcase classname="backend.tests.test_admin_dashboard.TestIndexNowAPI" name="test_get_indexnow_status" time="0.200" /></testsuite></testsuites>