<?xml version="1.0" encoding="utf-8"?><testsuites name="pytest tests"><testsuite name="pytest" errors="0" failures="0" skipped="0" tests="9" time="68.579" timestamp="2026-03-06T17:16:25.643628+00:00" hostname="agent-env-6b851952-250b-402e-bd48-88a73184fa46"><testcase classname="backend.tests.test_content_gaps.TestContentGapAnalysis" name="test_content_gaps_endpoint_returns_200" time="6.787" /><testcase classname="backend.tests.test_content_gaps.TestContentGapAnalysis" name="test_content_gaps_response_structure" time="17.110" /><testcase classname="backend.tests.test_content_gaps.TestContentGapAnalysis" name="test_content_gaps_gap_pages_structure" time="0.414" /><testcase classname="backend.tests.test_content_gaps.TestContentGapAnalysis" name="test_content_gaps_missing_sections_format" time="0.303" /><testcase classname="backend.tests.test_content_gaps.TestContentEnrichment" name="test_content_enrich_endpoint_structure" time="10.975" /><testcase classname="backend.tests.test_content_gaps.TestContentEnrichment" name="test_content_enrich_with_invalid_slug" time="13.383" /><testcase classname="backend.tests.test_content_gaps.TestSeoAuditRegression" name="test_seo_audit_run_endpoint" time="17.489" /><testcase classname="backend.tests.test_content_gaps.TestSeoAuditRegression" name="test_seo_audit_latest_endpoint" time="0.477" /><testcase classname="backend.tests.test_content_gaps.TestSeoAuditRegression" name="test_seo_audit_history_endpoint" time="0.323" /></testsuite></testsuites>