<?xml version="1.0" encoding="utf-8"?><testsuites name="pytest tests"><testsuite name="pytest" errors="0" failures="0" skipped="0" tests="11" time="3.161" timestamp="2026-03-06T18:06:41.672329+00:00" hostname="agent-env-6b851952-250b-402e-bd48-88a73184fa46"><testcase classname="backend.tests.test_iteration9_bugs.TestBlogsVisibleEndpoint" name="test_blogs_visible_returns_posts" time="1.122" /><testcase classname="backend.tests.test_iteration9_bugs.TestBlogsVisibleEndpoint" name="test_blogs_visible_post_structure" time="0.157" /><testcase classname="backend.tests.test_iteration9_bugs.TestBlogsVisibleEndpoint" name="test_blogs_visible_has_slug_for_linking" time="0.183" /><testcase classname="backend.tests.test_iteration9_bugs.TestIndividualBlogPost" name="test_get_blog_post_by_slug" time="0.343" /><testcase classname="backend.tests.test_iteration9_bugs.TestGenerateBlogEndpoint" name="test_generate_blog_endpoint_exists" time="0.181" /><testcase classname="backend.tests.test_iteration9_bugs.TestGenerateBlogEndpoint" name="test_generate_blog_requires_keyword" time="0.132" /><testcase classname="backend.tests.test_iteration9_bugs.TestGrowthSnapshot" name="test_growth_history_returns_data" time="0.143" /><testcase classname="backend.tests.test_iteration9_bugs.TestGrowthSnapshot" name="test_growth_snapshot_has_total_pages" time="0.162" /><testcase classname="backend.tests.test_iteration9_bugs.TestGrowthSnapshot" name="test_record_growth_snapshot" time="0.275" /><testcase classname="backend.tests.test_iteration9_bugs.TestAdminAutomationStatus" name="test_automation_status_returns_growth" time="0.153" /><testcase classname="backend.tests.test_iteration9_bugs.TestSEOTopicSuggestions" name="test_seo_suggestions_endpoint" time="0.150" /></testsuite></testsuites>