<?xml version="1.0" encoding="utf-8"?><testsuites name="pytest tests"><testsuite name="pytest" errors="0" failures="0" skipped="0" tests="20" time="24.683" timestamp="2026-03-14T14:05:21.204191+00:00" hostname="agent-env-d4a722fe-dc6f-4ddf-84e7-596b19d3ac80"><testcase classname="backend.tests.test_iteration15_seo_spa_fix.TestSEOAuditTrigger" name="test_post_seo_audit_run_returns_started" time="0.238" /><testcase classname="backend.tests.test_iteration15_seo_spa_fix.TestSEOAuditTrigger" name="test_seo_audit_status_endpoint" time="0.175" /><testcase classname="backend.tests.test_iteration15_seo_spa_fix.TestSEOAuditTrigger" name="test_seo_audit_history_endpoint" time="0.194" /><testcase classname="backend.tests.test_iteration15_seo_spa_fix.TestSEOAuditTrigger" name="test_seo_auto_fix_endpoint" time="0.211" /><testcase classname="backend.tests.test_iteration15_seo_spa_fix.TestSEOAuditLatestResults" name="test_latest_audit_spa_mode_true" time="21.138" /><testcase classname="backend.tests.test_iteration15_seo_spa_fix.TestSEOAuditLatestResults" name="test_latest_audit_total_issues_less_than_50" time="0.159" /><testcase classname="backend.tests.test_iteration15_seo_spa_fix.TestSEOAuditLatestResults" name="test_latest_audit_html_crawl_mode_spa_head_only" time="0.162" /><testcase classname="backend.tests.test_iteration15_seo_spa_fix.TestSEOAuditLatestResults" name="test_latest_audit_overall_score_at_least_80" time="0.182" /><testcase classname="backend.tests.test_iteration15_seo_spa_fix.TestSEOAuditLatestResults" name="test_latest_audit_no_false_positive_h1_issues" time="0.189" /><testcase classname="backend.tests.test_iteration15_seo_spa_fix.TestSEOAuditLatestResults" name="test_latest_audit_no_false_positive_h2_issues" time="0.170" /><testcase classname="backend.tests.test_iteration15_seo_spa_fix.TestSEOAuditLatestResults" name="test_latest_audit_no_thin_content_false_positives" time="0.184" /><testcase classname="backend.tests.test_iteration15_seo_spa_fix.TestSEOAuditLatestResults" name="test_latest_audit_has_required_fields" time="0.189" /><testcase classname="backend.tests.test_iteration15_seo_spa_fix.TestSEOAuditLatestResults" name="test_latest_audit_pages_audited" time="0.176" /><testcase classname="backend.tests.test_iteration15_seo_spa_fix.TestSEOAuditLatestResults" name="test_latest_audit_audit_phases_complete" time="0.158" /><testcase classname="backend.tests.test_iteration15_seo_spa_fix.TestSEOAuditLatestResults" name="test_latest_audit_category_scores_exist" time="0.183" /><testcase classname="backend.tests.test_iteration15_seo_spa_fix.TestSEOAuditLatestResults" name="test_latest_audit_severity_breakdown" time="0.154" /><testcase classname="backend.tests.test_iteration15_seo_spa_fix.TestSEOAuditLatestResults" name="test_latest_audit_score_uses_weighted_formula" time="0.167" /><testcase classname="backend.tests.test_iteration15_seo_spa_fix.TestSEOAuditHistory" name="test_history_returns_list" time="0.159" /><testcase classname="backend.tests.test_iteration15_seo_spa_fix.TestSEOAuditHistory" name="test_history_entries_have_score" time="0.169" /><testcase classname="backend.tests.test_iteration15_seo_spa_fix.TestSEOAuditHistory" name="test_history_with_limit" time="0.157" /></testsuite></testsuites>