<?xml version="1.0" encoding="utf-8"?><testsuites name="pytest tests"><testsuite name="pytest" errors="0" failures="0" skipped="0" tests="17" time="3.529" timestamp="2026-03-09T10:48:42.965694+00:00" hostname="agent-env-287379b4-127b-4cbd-b68a-496b2db5176d"><testcase classname="backend.tests.test_iteration11_seo_audit.TestSEOAuditAPIs" name="test_seo_audit_latest_returns_data" time="0.726" /><testcase classname="backend.tests.test_iteration11_seo_audit.TestSEOAuditAPIs" name="test_seo_audit_has_category_scores" time="0.179" /><testcase classname="backend.tests.test_iteration11_seo_audit.TestSEOAuditAPIs" name="test_seo_audit_has_audit_phases" time="0.200" /><testcase classname="backend.tests.test_iteration11_seo_audit.TestSEOAuditAPIs" name="test_seo_audit_has_issue_counts" time="0.167" /><testcase classname="backend.tests.test_iteration11_seo_audit.TestSEOAuditAPIs" name="test_seo_audit_has_category_breakdown" time="0.175" /><testcase classname="backend.tests.test_iteration11_seo_audit.TestSEOAuditAPIs" name="test_seo_audit_status_endpoint" time="0.142" /><testcase classname="backend.tests.test_iteration11_seo_audit.TestSEOAuditAPIs" name="test_seo_audit_history_endpoint" time="0.174" /><testcase classname="backend.tests.test_iteration11_seo_audit.TestSEOAuditRunEndpoint" name="test_seo_audit_run_returns_started" time="0.136" /><testcase classname="backend.tests.test_iteration11_seo_audit.TestSEOAutoFix" name="test_seo_autofix_endpoint_exists" time="0.137" /><testcase classname="backend.tests.test_iteration11_seo_audit.TestAdminDashboard" name="test_admin_login_with_correct_password" time="0.132" /><testcase classname="backend.tests.test_iteration11_seo_audit.TestAdminDashboard" name="test_admin_login_rejects_wrong_password" time="0.140" /><testcase classname="backend.tests.test_iteration11_seo_audit.TestStaticPages" name="test_about_page_loads" time="0.136" /><testcase classname="backend.tests.test_iteration11_seo_audit.TestStaticPages" name="test_contact_page_loads" time="0.135" /><testcase classname="backend.tests.test_iteration11_seo_audit.TestStaticPages" name="test_testimonials_page_loads" time="0.169" /><testcase classname="backend.tests.test_iteration11_seo_audit.TestAutomationStatus" name="test_automation_status_returns_data" time="0.198" /><testcase classname="backend.tests.test_iteration11_seo_audit.TestGrowthTracking" name="test_growth_history_returns_data" time="0.128" /><testcase classname="backend.tests.test_iteration11_seo_audit.TestGrowthTracking" name="test_growth_snapshot_records" time="0.270" /></testsuite></testsuites>