<?xml version="1.0" encoding="utf-8"?><testsuites name="pytest tests"><testsuite name="pytest" errors="0" failures="0" skipped="0" tests="9" time="23.509" timestamp="2026-03-06T17:39:49.242416+00:00" hostname="agent-env-6b851952-250b-402e-bd48-88a73184fa46"><testcase classname="backend.tests.test_iteration8_features.TestSEOAutoFix" name="test_auto_fix_endpoint_returns_success" time="0.253" /><testcase classname="backend.tests.test_iteration8_features.TestSEOAutoFix" name="test_auto_fix_returns_action_field" time="0.156" /><testcase classname="backend.tests.test_iteration8_features.TestSEOAutoFix" name="test_auto_fix_fixes_have_valid_lengths" time="0.165" /><testcase classname="backend.tests.test_iteration8_features.TestContentEnrichment" name="test_content_enrich_with_max_pages_2" time="19.287" /><testcase classname="backend.tests.test_iteration8_features.TestContentEnrichment" name="test_content_enrich_returns_sections_added" time="2.853" /><testcase classname="backend.tests.test_iteration8_features.TestRegressionChecks" name="test_seo_audit_latest_works" time="0.155" /><testcase classname="backend.tests.test_iteration8_features.TestRegressionChecks" name="test_content_gaps_endpoint_works" time="0.173" /><testcase classname="backend.tests.test_iteration8_features.TestRegressionChecks" name="test_seo_audit_history_works" time="0.148" /><testcase classname="backend.tests.test_iteration8_features.TestSEOFixHistory" name="test_seo_fix_history_endpoint" time="0.145" /></testsuite></testsuites>