<?xml version="1.0" encoding="utf-8"?><testsuites name="pytest tests"><testsuite name="pytest" errors="0" failures="1" skipped="0" tests="13" time="4.449" timestamp="2026-03-09T10:01:18.472497+00:00" hostname="agent-env-287379b4-127b-4cbd-b68a-496b2db5176d"><testcase classname="backend.tests.test_iteration10_pages.TestTreatmentsAPI" name="test_get_all_treatments_returns_20" time="1.147" /><testcase classname="backend.tests.test_iteration10_pages.TestTreatmentsAPI" name="test_treatments_have_required_fields" time="0.290" /><testcase classname="backend.tests.test_iteration10_pages.TestTreatmentsAPI" name="test_get_single_treatment_total_knee_replacement" time="0.259" /><testcase classname="backend.tests.test_iteration10_pages.TestTreatmentsAPI" name="test_treatment_benefits_handling" time="0.208" /><testcase classname="backend.tests.test_iteration10_pages.TestTreatmentsAPI" name="test_treatment_not_found_returns_404" time="0.205" /><testcase classname="backend.tests.test_iteration10_pages.TestAppointmentsAPI" name="test_create_appointment_success" time="0.224" /><testcase classname="backend.tests.test_iteration10_pages.TestAppointmentsAPI" name="test_create_appointment_missing_fields" time="0.222" /><testcase classname="backend.tests.test_iteration10_pages.TestTestimonialsAPI" name="test_get_testimonials" time="0.203" /><testcase classname="backend.tests.test_iteration10_pages.TestHealthAPI" name="test_health_check" time="0.230"><failure message="assert 404 == 200&#10; +  where 404 = &lt;Response [404]&gt;.status_code">backend/tests/test_iteration10_pages.py:128: in test_health_check
    assert response.status_code == 200
E   assert 404 == 200
E    +  where 404 = &lt;Response [404]&gt;.status_code</failure></testcase><testcase classname="backend.tests.test_iteration10_pages.TestStaticPages" name="test_about_page_loads" time="0.234" /><testcase classname="backend.tests.test_iteration10_pages.TestStaticPages" name="test_contact_page_loads" time="0.249" /><testcase classname="backend.tests.test_iteration10_pages.TestStaticPages" name="test_testimonials_page_loads" time="0.278" /><testcase classname="backend.tests.test_iteration10_pages.TestStaticPages" name="test_treatments_page_loads" time="0.203" /></testsuite></testsuites>