<?xml version="1.0" encoding="utf-8"?><testsuites name="pytest tests"><testsuite name="pytest" errors="0" failures="0" skipped="0" tests="20" time="3.580" timestamp="2026-03-09T11:25:12.302967+00:00" hostname="agent-env-287379b4-127b-4cbd-b68a-496b2db5176d"><testcase classname="backend.tests.test_iteration12_adaptive_growth.TestAdaptiveGrowthEndpoints" name="test_adaptive_status_endpoint_returns_success" time="0.204" /><testcase classname="backend.tests.test_iteration12_adaptive_growth.TestAdaptiveGrowthEndpoints" name="test_adaptive_status_has_strategy_field" time="0.162" /><testcase classname="backend.tests.test_iteration12_adaptive_growth.TestAdaptiveGrowthEndpoints" name="test_adaptive_status_has_seo_score" time="0.147" /><testcase classname="backend.tests.test_iteration12_adaptive_growth.TestAdaptiveGrowthEndpoints" name="test_adaptive_status_has_keyword_coverage_pct" time="0.151" /><testcase classname="backend.tests.test_iteration12_adaptive_growth.TestAdaptiveGrowthEndpoints" name="test_adaptive_status_has_content_velocity" time="0.146" /><testcase classname="backend.tests.test_iteration12_adaptive_growth.TestAdaptiveGrowthEndpoints" name="test_adaptive_status_has_adaptive_actions" time="0.149" /><testcase classname="backend.tests.test_iteration12_adaptive_growth.TestAdaptiveGrowthEndpoints" name="test_adaptive_status_has_total_blogs" time="0.145" /><testcase classname="backend.tests.test_iteration12_adaptive_growth.TestAdaptiveGrowthEndpoints" name="test_adaptive_status_has_total_cms_pages" time="0.150" /><testcase classname="backend.tests.test_iteration12_adaptive_growth.TestAdaptiveGrowthEndpoints" name="test_adaptive_status_has_message" time="0.186" /><testcase classname="backend.tests.test_iteration12_adaptive_growth.TestAdaptiveGrowthEndpoints" name="test_adaptive_status_has_keywords_used_and_total" time="0.164" /><testcase classname="backend.tests.test_iteration12_adaptive_growth.TestGenerateBlogsEndpoint" name="test_generate_blogs_returns_200" time="0.148" /><testcase classname="backend.tests.test_iteration12_adaptive_growth.TestGenerateBlogsEndpoint" name="test_generate_blogs_returns_success_and_started" time="0.142" /><testcase classname="backend.tests.test_iteration12_adaptive_growth.TestGenerateBlogsEndpoint" name="test_generate_blogs_returns_message" time="0.129" /><testcase classname="backend.tests.test_iteration12_adaptive_growth.TestEnrichWeakSectionsEndpoint" name="test_enrich_sections_returns_200" time="0.167" /><testcase classname="backend.tests.test_iteration12_adaptive_growth.TestEnrichWeakSectionsEndpoint" name="test_enrich_sections_returns_success_and_started" time="0.136" /><testcase classname="backend.tests.test_iteration12_adaptive_growth.TestEnrichWeakSectionsEndpoint" name="test_enrich_sections_returns_message" time="0.136" /><testcase classname="backend.tests.test_iteration12_adaptive_growth.TestIntegrationDataConsistency" name="test_adaptive_status_totals_match_api_counts" time="0.301" /><testcase classname="backend.tests.test_iteration12_adaptive_growth.TestIntegrationDataConsistency" name="test_seo_score_consistent_with_audit" time="0.310" /><testcase classname="backend.tests.test_iteration12_adaptive_growth.TestBlogCount" name="test_blog_count_is_at_least_14" time="0.148" /><testcase classname="backend.tests.test_iteration12_adaptive_growth.TestSitemapURLs" name="test_sitemap_has_at_least_169_urls" time="0.173" /></testsuite></testsuites>