<?xml version="1.0" encoding="utf-8"?><testsuites name="pytest tests"><testsuite name="pytest" errors="0" failures="0" skipped="0" tests="50" time="10.788" timestamp="2026-04-30T15:53:52.509997+00:00" hostname="agent-env-ee9bbb3f-867c-4ab6-b812-3a53d16da2f6"><testcase classname="test_redesign" name="test_fonts_outfit_and_jakarta_loaded_on_homepage" time="0.312" /><testcase classname="test_redesign" name="test_header_and_footer_testids_present" time="0.188" /><testcase classname="test_redesign" name="test_whatsapp_inline_btn_testid_present_on_homepage" time="0.173" /><testcase classname="test_redesign" name="test_whatsapp_float_btn_is_valid_wa_link" time="0.272" /><testcase classname="test_redesign" name="test_homepage_cta_testids_present[hero-whatsapp-btn]" time="0.251" /><testcase classname="test_redesign" name="test_homepage_cta_testids_present[cta-whatsapp-btn]" time="0.294" /><testcase classname="test_redesign" name="test_homepage_cta_testids_present[footer-whatsapp-btn]" time="0.401" /><testcase classname="test_redesign" name="test_homepage_stats_strip" time="0.177" /><testcase classname="test_redesign" name="test_homepage_has_doctor_name_and_apollo" time="0.258" /><testcase classname="test_redesign" name="test_conditions_index_has_many_cards_and_breadcrumb" time="0.223" /><testcase classname="test_redesign" name="test_sitemap_has_180_plus_urls" time="0.346" /><testcase classname="test_redesign" name="test_inner_page_loads_and_has_wa_cta[/about]" time="0.135" /><testcase classname="test_redesign" name="test_inner_page_loads_and_has_wa_cta[/contact]" time="0.189" /><testcase classname="test_redesign" name="test_inner_page_loads_and_has_wa_cta[/testimonials]" time="0.162" /><testcase classname="test_redesign" name="test_inner_page_loads_and_has_wa_cta[/gallery]" time="0.267" /><testcase classname="test_redesign" name="test_inner_page_loads_and_has_wa_cta[/conditions]" time="0.161" /><testcase classname="test_redesign" name="test_inner_page_loads_and_has_wa_cta[/treatments]" time="0.157" /><testcase classname="test_redesign" name="test_contact_has_no_form_element_at_all" time="0.188" /><testcase classname="test_redesign" name="test_seo_landing_page[/best-orthopedic-surgeon-hyderabad]" time="0.127" /><testcase classname="test_redesign" name="test_seo_landing_page[/robotic-knee-replacement-hyderabad]" time="0.145" /><testcase classname="test_redesign" name="test_seo_landing_page[/knee-replacement-cost-hyderabad]" time="0.160" /><testcase classname="test_static_pages" name="test_page_returns_200[/]" time="0.160" /><testcase classname="test_static_pages" name="test_page_returns_200[/about]" time="0.133" /><testcase classname="test_static_pages" name="test_page_returns_200[/contact]" time="0.136" /><testcase classname="test_static_pages" name="test_page_returns_200[/testimonials]" time="0.184" /><testcase classname="test_static_pages" name="test_page_returns_200[/gallery]" time="0.141" /><testcase classname="test_static_pages" name="test_page_returns_200[/conditions]" time="0.140" /><testcase classname="test_static_pages" name="test_page_returns_200[/conditions/acl-tear]" time="0.175" /><testcase classname="test_static_pages" name="test_page_returns_200[/conditions/acl-injury]" time="0.145" /><testcase classname="test_static_pages" name="test_page_returns_200[/conditions/achilles-tendinitis]" time="0.139" /><testcase classname="test_static_pages" name="test_page_returns_200[/treatments]" time="0.142" /><testcase classname="test_static_pages" name="test_page_returns_200[/treatments/acl-reconstruction]" time="0.160" /><testcase classname="test_static_pages" name="test_page_returns_200[/treatments/ankle-ligament-reconstruction]" time="0.211" /><testcase classname="test_static_pages" name="test_page_returns_200[/treatments/bankart-repair]" time="0.144" /><testcase classname="test_static_pages" name="test_page_returns_200[/blog]" time="0.163" /><testcase classname="test_static_pages" name="test_page_returns_200[/best-orthopedic-surgeon-hyderabad]" time="0.176" /><testcase classname="test_static_pages" name="test_page_returns_200[/robotic-knee-replacement-hyderabad]" time="0.146" /><testcase classname="test_static_pages" name="test_page_returns_200[/knee-replacement-cost-hyderabad]" time="0.172" /><testcase classname="test_static_pages" name="test_page_returns_200[/sitemap.xml]" time="0.168" /><testcase classname="test_static_pages" name="test_page_returns_200[/robots.txt]" time="0.137" /><testcase classname="test_static_pages" name="test_homepage_title_and_content" time="0.171" /><testcase classname="test_static_pages" name="test_whatsapp_float_button_on_all_pages" time="1.197" /><testcase classname="test_static_pages" name="test_contact_has_no_traditional_form" time="0.155" /><testcase classname="test_static_pages" name="test_sitemap_contains_key_urls" time="0.164" /><testcase classname="test_static_pages" name="test_robots_txt_has_sitemap_reference" time="0.155" /><testcase classname="test_static_pages" name="test_404_for_unknown_route" time="0.134" /><testcase classname="test_static_pages" name="test_blog_index_has_at_least_one_post_link" time="0.335" /><testcase classname="test_static_pages" name="test_header_phone_and_nav_links" time="0.279" /><testcase classname="test_static_pages" name="test_footer_info" time="0.190" /><testcase classname="test_static_pages" name="test_homepage_stats" time="0.185" /></testsuite></testsuites>