<?xml version="1.0" encoding="utf-8"?><testsuites name="pytest tests"><testsuite name="pytest" errors="0" failures="0" skipped="0" tests="29" time="6.097" timestamp="2026-04-30T15:21:15.033443+00:00" hostname="agent-env-ee9bbb3f-867c-4ab6-b812-3a53d16da2f6"><testcase classname="backend.tests.test_static_pages" name="test_page_returns_200[/]" time="0.291" /><testcase classname="backend.tests.test_static_pages" name="test_page_returns_200[/about]" time="0.182" /><testcase classname="backend.tests.test_static_pages" name="test_page_returns_200[/contact]" time="0.225" /><testcase classname="backend.tests.test_static_pages" name="test_page_returns_200[/testimonials]" time="0.175" /><testcase classname="backend.tests.test_static_pages" name="test_page_returns_200[/gallery]" time="0.144" /><testcase classname="backend.tests.test_static_pages" name="test_page_returns_200[/conditions]" time="0.192" /><testcase classname="backend.tests.test_static_pages" name="test_page_returns_200[/conditions/acl-tear]" time="0.242" /><testcase classname="backend.tests.test_static_pages" name="test_page_returns_200[/conditions/acl-injury]" time="0.146" /><testcase classname="backend.tests.test_static_pages" name="test_page_returns_200[/conditions/achilles-tendinitis]" time="0.187" /><testcase classname="backend.tests.test_static_pages" name="test_page_returns_200[/treatments]" time="0.142" /><testcase classname="backend.tests.test_static_pages" name="test_page_returns_200[/treatments/acl-reconstruction]" time="0.205" /><testcase classname="backend.tests.test_static_pages" name="test_page_returns_200[/treatments/ankle-ligament-reconstruction]" time="0.124" /><testcase classname="backend.tests.test_static_pages" name="test_page_returns_200[/treatments/bankart-repair]" time="0.134" /><testcase classname="backend.tests.test_static_pages" name="test_page_returns_200[/blog]" time="0.171" /><testcase classname="backend.tests.test_static_pages" name="test_page_returns_200[/best-orthopedic-surgeon-hyderabad]" time="0.138" /><testcase classname="backend.tests.test_static_pages" name="test_page_returns_200[/robotic-knee-replacement-hyderabad]" time="0.132" /><testcase classname="backend.tests.test_static_pages" name="test_page_returns_200[/knee-replacement-cost-hyderabad]" time="0.144" /><testcase classname="backend.tests.test_static_pages" name="test_page_returns_200[/sitemap.xml]" time="0.131" /><testcase classname="backend.tests.test_static_pages" name="test_page_returns_200[/robots.txt]" time="0.143" /><testcase classname="backend.tests.test_static_pages" name="test_homepage_title_and_content" time="0.162" /><testcase classname="backend.tests.test_static_pages" name="test_whatsapp_float_button_on_all_pages" time="1.028" /><testcase classname="backend.tests.test_static_pages" name="test_contact_has_no_traditional_form" time="0.131" /><testcase classname="backend.tests.test_static_pages" name="test_sitemap_contains_key_urls" time="0.179" /><testcase classname="backend.tests.test_static_pages" name="test_robots_txt_has_sitemap_reference" time="0.131" /><testcase classname="backend.tests.test_static_pages" name="test_404_for_unknown_route" time="0.215" /><testcase classname="backend.tests.test_static_pages" name="test_blog_index_has_at_least_one_post_link" time="0.340" /><testcase classname="backend.tests.test_static_pages" name="test_header_phone_and_nav_links" time="0.192" /><testcase classname="backend.tests.test_static_pages" name="test_footer_info" time="0.140" /><testcase classname="backend.tests.test_static_pages" name="test_homepage_stats" time="0.186" /></testsuite></testsuites>