<?xml version="1.0" encoding="utf-8"?><testsuites name="pytest tests"><testsuite name="pytest" errors="0" failures="0" skipped="0" tests="6" time="7.831" timestamp="2026-03-06T16:54:10.655065+00:00" hostname="agent-env-6b851952-250b-402e-bd48-88a73184fa46"><testcase classname="tests.test_seo_audit.TestSEOAuditAPIs" name="test_seo_audit_latest_endpoint" time="0.292" /><testcase classname="tests.test_seo_audit.TestSEOAuditAPIs" name="test_seo_audit_history_endpoint" time="0.188" /><testcase classname="tests.test_seo_audit.TestSEOAuditAPIs" name="test_seo_audit_run_endpoint" time="6.718" /><testcase classname="tests.test_seo_audit.TestSEOAuditAPIs" name="test_seo_audit_latest_after_run" time="0.211" /><testcase classname="tests.test_seo_audit.TestAdminLogin" name="test_admin_login_success" time="0.134" /><testcase classname="tests.test_seo_audit.TestAdminLogin" name="test_admin_login_wrong_password" time="0.146" /></testsuite></testsuites>