<?xml version="1.0" encoding="utf-8"?><testsuites name="pytest tests"><testsuite name="pytest" errors="0" failures="0" skipped="0" tests="6" time="4.922" timestamp="2026-03-06T17:05:03.231671+00:00" hostname="agent-env-6b851952-250b-402e-bd48-88a73184fa46"><testcase classname="tests.test_seo_autofix.TestSEOAutoFix" name="test_seo_audit_latest_exists" time="0.370" /><testcase classname="tests.test_seo_autofix.TestSEOAutoFix" name="test_seo_auto_fix_endpoint" time="0.156" /><testcase classname="tests.test_seo_autofix.TestSEOAutoFix" name="test_seo_fix_history_endpoint" time="0.155" /><testcase classname="tests.test_seo_autofix.TestSEOAuditRegression" name="test_seo_audit_run_still_works" time="3.782" /><testcase classname="tests.test_seo_autofix.TestSEOAuditRegression" name="test_seo_audit_latest_still_works" time="0.178" /><testcase classname="tests.test_seo_autofix.TestSEOAuditRegression" name="test_seo_audit_history_still_works" time="0.146" /></testsuite></testsuites>